Using pre-set license
Built from '2020.2/release' branch; Version is '2020.2.1f1 (270dd8c3da1c) revision 2559448'; Using compiler version '192528614'; Build Type 'Release'
OS: 'Windows 10  (10.0.0) 64bit' Language: 'en' Physical Memory: 8138 MB
BatchMode: 1, IsHumanControllingUs: 0, StartBugReporterOnCrash: 0, Is64bit: 1, IsPro: 0

 COMMAND LINE ARGUMENTS:
E:\_Dev\2020.2.1f1\Editor\Unity.exe
-adb2
-batchMode
-noUpm
-name
AssetImportWorker1
-projectPath
E:/_Dev/Gamedev/cake
-logFile
Logs/AssetImportWorker1.log
-srvPort
57025
Successfully changed project path to: E:/_Dev/Gamedev/cake
E:/_Dev/Gamedev/cake
Using Asset Import Pipeline V2.
Refreshing native plugins compatible for Editor in 119.62 ms, found 1 plugins.
Preloading 0 native plugins for Editor in 0.00 ms.
Initialize engine version: 2020.2.1f1 (270dd8c3da1c)
[Subsystems] Discovering subsystems at path E:/_Dev/2020.2.1f1/Editor/Data/Resources/UnitySubsystems
[Subsystems] Discovering subsystems at path E:/_Dev/Gamedev/cake/Assets
GfxDevice: creating device client; threaded=0
Direct3D:
    Version:  Direct3D 11.0 [level 11.1]
    Renderer: NVIDIA GeForce GTX 970 (ID=0x13c2)
    Vendor:   
    VRAM:     4043 MB
    Driver:   27.21.14.6140
Initialize mono
Mono path[0] = 'E:/_Dev/2020.2.1f1/Editor/Data/Managed'
Mono path[1] = 'E:/_Dev/2020.2.1f1/Editor/Data/MonoBleedingEdge/lib/mono/unityjit'
Mono config path = 'E:/_Dev/2020.2.1f1/Editor/Data/MonoBleedingEdge/etc'
Using monoOptions --debugger-agent=transport=dt_socket,embedding=1,server=y,suspend=n,address=127.0.0.1:56508
Begin MonoManager ReloadAssembly
Registering precompiled unity dll's ...
Register platform support module: E:/_Dev/2020.2.1f1/Editor/Data/PlaybackEngines/WebGLSupport/UnityEditor.WebGL.Extensions.dll
Register platform support module: E:/_Dev/2020.2.1f1/Editor/Data/PlaybackEngines/WindowsStandaloneSupport/UnityEditor.WindowsStandalone.Extensions.dll
Registered in 0.001248 seconds.
Native extension for WindowsStandalone target not found
Native extension for WebGL target not found
Refreshing native plugins compatible for Editor in 40.44 ms, found 1 plugins.
Preloading 0 native plugins for Editor in 0.00 ms.
Invoked RoslynAnalysisRunner static constructor.
RoslynAnalysisRunner will not be running.
RoslynAnalysisRunner has terminated.
Mono: successfully reloaded assembly
- Completed reload, in  1.455 seconds
Platform modules already initialized, skipping
Registering precompiled user dll's ...
Registered in 0.001676 seconds.
Begin MonoManager ReloadAssembly
Native extension for WindowsStandalone target not found
Native extension for WebGL target not found
Refreshing native plugins compatible for Editor in 48.84 ms, found 1 plugins.
Preloading 0 native plugins for Editor in 0.00 ms.
Invoked RoslynAnalysisRunner static constructor.
RoslynAnalysisRunner will not be running.
RoslynAnalysisRunner has terminated.
Mono: successfully reloaded assembly
- Completed reload, in  1.500 seconds
Platform modules already initialized, skipping
========================================================================
Worker process is ready to serve import requests
Launched and connected shader compiler UnityShaderCompiler.exe after 0.06 seconds
Refreshing native plugins compatible for Editor in 0.33 ms, found 1 plugins.
Preloading 0 native plugins for Editor in 0.00 ms.
Unloading 1792 Unused Serialized files (Serialized files now loaded: 0)
System memory in use before: 83.8 MB.
System memory in use after: 83.7 MB.

Unloading 24 unused Assets to reduce memory usage. Loaded Objects now: 2231.
Total: 3.183500 ms (FindLiveObjects: 0.538600 ms CreateObjectMapping: 0.224000 ms MarkObjects: 2.290100 ms  DeleteObjects: 0.128900 ms)

========================================================================
Received Import Request.
  path: Assets
  artifactKey: Guid(00000000000000001000000000000000) Importer(815301076,1909f56bfc062723c751e8b465ee728b)
Start importing Assets using Guid(00000000000000001000000000000000) Importer(815301076,1909f56bfc062723c751e8b465ee728b)  -> (artifact id: 'e1a2c4dac9df7c17871e19a3b74f0e9f') in 0.009353 seconds
  Import took 0.037554 seconds .

========================================================================
Received Import Request.
  Time since last request: 0.000217 seconds.
  path: Assets/UnityUtils
  artifactKey: Guid(f395c2fab536b974fbc46b94e5e49575) Importer(815301076,1909f56bfc062723c751e8b465ee728b)
Start importing Assets/UnityUtils using Guid(f395c2fab536b974fbc46b94e5e49575) Importer(815301076,1909f56bfc062723c751e8b465ee728b)  -> (artifact id: '54b2bcc4b8567effba635468cd215829') in 0.002912 seconds
  Import took 0.013432 seconds .

========================================================================
Received Import Request.
  Time since last request: 8.948833 seconds.
  path: Assets/cake.asmdef
  artifactKey: Guid(001a6bdc5b155a7458f4b1123aa34d08) Importer(815301076,1909f56bfc062723c751e8b465ee728b)
Start importing Assets/cake.asmdef using Guid(001a6bdc5b155a7458f4b1123aa34d08) Importer(815301076,1909f56bfc062723c751e8b465ee728b)  -> (artifact id: '8dcf296ffe873a29d99e256e67cbeb3c') in 0.546285 seconds
  Import took 0.564620 seconds .

========================================================================
Received Import Request.
  Time since last request: 10.529123 seconds.
  path: Assets/UnityUtils/UnityUtils.asmdef
  artifactKey: Guid(eb30d87f7c7e0534183a6bc86581d1e8) Importer(815301076,1909f56bfc062723c751e8b465ee728b)
Start importing Assets/UnityUtils/UnityUtils.asmdef using Guid(eb30d87f7c7e0534183a6bc86581d1e8) Importer(815301076,1909f56bfc062723c751e8b465ee728b)  -> (artifact id: 'b2bec5af54fb41908bcecde772c69afb') in 0.007226 seconds
  Import took 0.044234 seconds .

========================================================================
Received Import Request.
  Time since last request: 12.645836 seconds.
  path: Assets/EnhancedSimplePool/SimplePool.asmdef
  artifactKey: Guid(acc51a0043562ac43b2b78d7a8f217b6) Importer(815301076,1909f56bfc062723c751e8b465ee728b)
Start importing Assets/EnhancedSimplePool/SimplePool.asmdef using Guid(acc51a0043562ac43b2b78d7a8f217b6) Importer(815301076,1909f56bfc062723c751e8b465ee728b)  -> (artifact id: '859ef31f4b399af1cee8c68a838f14d9') in 0.006892 seconds
  Import took 0.176187 seconds .

========================================================================
Received Import Request.
  Time since last request: 11.958260 seconds.
  path: Assets/EnhancedSimplePool/Scripts/SimplePool.cs
  artifactKey: Guid(87f812bb625d21749a362286f733fdf0) Importer(815301076,1909f56bfc062723c751e8b465ee728b)
Start importing Assets/EnhancedSimplePool/Scripts/SimplePool.cs using Guid(87f812bb625d21749a362286f733fdf0) Importer(815301076,1909f56bfc062723c751e8b465ee728b)  -> (artifact id: 'ba3c748358bccb48b22c8bc82b2465f6') in 0.206892 seconds
  Import took 0.225387 seconds .

========================================================================
Received Import Request.
  Time since last request: 18.450656 seconds.
  path: Assets/UnityUtils/GameObject/GameObjectUtils.cs
  artifactKey: Guid(5d7a531897c32b24aac2b3ab43356c1a) Importer(815301076,1909f56bfc062723c751e8b465ee728b)
Start importing Assets/UnityUtils/GameObject/GameObjectUtils.cs using Guid(5d7a531897c32b24aac2b3ab43356c1a) Importer(815301076,1909f56bfc062723c751e8b465ee728b)  -> (artifact id: '40e60073fd0c78d0dad0d4ab5b5d968f') in 0.010242 seconds
  Import took 0.049500 seconds .

========================================================================
Received Import Request.
  Time since last request: 175.675408 seconds.
  path: Assets/Routine
  artifactKey: Guid(f2e1188f1bcaba24eb216f52e1f0f1e4) Importer(815301076,1909f56bfc062723c751e8b465ee728b)
Start importing Assets/Routine using Guid(f2e1188f1bcaba24eb216f52e1f0f1e4) Importer(815301076,1909f56bfc062723c751e8b465ee728b)  -> (artifact id: 'e93810c698600610eb584743d9f8d183') in 0.012676 seconds
  Import took 0.041989 seconds .

========================================================================
Received Import Request.
  Time since last request: 0.491585 seconds.
  path: Assets/Routine/Routine.asmdef
  artifactKey: Guid(2d0a67af37564bb4ab286fc139aea8db) Importer(815301076,1909f56bfc062723c751e8b465ee728b)
Start importing Assets/Routine/Routine.asmdef using Guid(2d0a67af37564bb4ab286fc139aea8db) Importer(815301076,1909f56bfc062723c751e8b465ee728b)  -> (artifact id: 'd58e17667b54017068a8c9032f99c277') in 0.010059 seconds
  Import took 0.015474 seconds .

========================================================================
Received Import Request.
  Time since last request: 5.448973 seconds.
  path: Assets/EnhancedSimplePool/SimplePool.asmdef
  artifactKey: Guid(acc51a0043562ac43b2b78d7a8f217b6) Importer(815301076,1909f56bfc062723c751e8b465ee728b)
Start importing Assets/EnhancedSimplePool/SimplePool.asmdef using Guid(acc51a0043562ac43b2b78d7a8f217b6) Importer(815301076,1909f56bfc062723c751e8b465ee728b)  -> (artifact id: '971601b9a6d6a502bad3acfbd5e13767') in 0.025013 seconds
  Import took 0.409529 seconds .

========================================================================
Received Import Request.
  Time since last request: 20.859496 seconds.
  path: Assets/Routine/Routine.asmdef
  artifactKey: Guid(2d0a67af37564bb4ab286fc139aea8db) Importer(815301076,1909f56bfc062723c751e8b465ee728b)
Start importing Assets/Routine/Routine.asmdef using Guid(2d0a67af37564bb4ab286fc139aea8db) Importer(815301076,1909f56bfc062723c751e8b465ee728b)  -> (artifact id: '96ec95287d265f4a7816d65ecb8cff4f') in 0.022164 seconds
  Import took 0.048447 seconds .

========================================================================
Received Import Request.
  Time since last request: 1.286603 seconds.
  path: Assets/EnhancedSimplePool/Scripts
  artifactKey: Guid(febb3abe556cb2443864553dff629c6a) Importer(815301076,1909f56bfc062723c751e8b465ee728b)
Start importing Assets/EnhancedSimplePool/Scripts using Guid(febb3abe556cb2443864553dff629c6a) Importer(815301076,1909f56bfc062723c751e8b465ee728b)  -> (artifact id: '24611f9e7b9ae5d9b287a4d12aead5c9') in 0.013783 seconds
  Import took 0.029691 seconds .

========================================================================
Received Import Request.
  Time since last request: 2.285805 seconds.
  path: Assets/EnhancedSimplePool/Scripts/SimplePool.cs
  artifactKey: Guid(87f812bb625d21749a362286f733fdf0) Importer(815301076,1909f56bfc062723c751e8b465ee728b)
Start importing Assets/EnhancedSimplePool/Scripts/SimplePool.cs using Guid(87f812bb625d21749a362286f733fdf0) Importer(815301076,1909f56bfc062723c751e8b465ee728b)  -> (artifact id: '01140f1c03acf159684033af290845e5') in 0.004031 seconds
  Import took 0.023935 seconds .

========================================================================
Received Import Request.
  Time since last request: 15.830387 seconds.
  path: Assets/Routine/Scripts
  artifactKey: Guid(d7fbaf8b114fdb145bec3c00e6cbd4e7) Importer(815301076,1909f56bfc062723c751e8b465ee728b)
Start importing Assets/Routine/Scripts using Guid(d7fbaf8b114fdb145bec3c00e6cbd4e7) Importer(815301076,1909f56bfc062723c751e8b465ee728b)  -> (artifact id: '5aa57a07d5524d77cb177795f7d84b33') in 0.012302 seconds
  Import took 0.015762 seconds .

========================================================================
Received Import Request.
  Time since last request: 1.352462 seconds.
  path: Assets/Routine/Routine.cs
  artifactKey: Guid(8c56367703a9e114bb941bdcfafa658e) Importer(815301076,1909f56bfc062723c751e8b465ee728b)
Start importing Assets/Routine/Routine.cs using Guid(8c56367703a9e114bb941bdcfafa658e) Importer(815301076,1909f56bfc062723c751e8b465ee728b)  -> (artifact id: 'a65539d89871f27687046c67a3072075') in 0.013923 seconds
  Import took 0.020421 seconds .

========================================================================
Received Import Request.
  Time since last request: 0.436117 seconds.
  path: Assets/Routine/RoutineRunner.cs
  artifactKey: Guid(c1655a6179b2fa042b77877bffbc22d3) Importer(815301076,1909f56bfc062723c751e8b465ee728b)
Start importing Assets/Routine/RoutineRunner.cs using Guid(c1655a6179b2fa042b77877bffbc22d3) Importer(815301076,1909f56bfc062723c751e8b465ee728b)  -> (artifact id: 'cb119ee7071e67f6c148b5c0b0454b18') in 0.012887 seconds
  Import took 0.025824 seconds .

========================================================================
Received Import Request.
  Time since last request: 4.934872 seconds.
  path: Assets/UnityUtils/GameObject
  artifactKey: Guid(ac51475106b62244086c65fa002f1d3d) Importer(815301076,1909f56bfc062723c751e8b465ee728b)
Start importing Assets/UnityUtils/GameObject using Guid(ac51475106b62244086c65fa002f1d3d) Importer(815301076,1909f56bfc062723c751e8b465ee728b)  -> (artifact id: '7f64bc22800b62cf1fd532ac7412aa1c') in 0.010714 seconds
  Import took 0.031060 seconds .

========================================================================
Received Import Request.
  Time since last request: 9.169180 seconds.
  path: Assets/UnityUtils/Scripts
  artifactKey: Guid(e808739137d1c95488709901024ad36e) Importer(815301076,1909f56bfc062723c751e8b465ee728b)
Start importing Assets/UnityUtils/Scripts using Guid(e808739137d1c95488709901024ad36e) Importer(815301076,1909f56bfc062723c751e8b465ee728b)  -> (artifact id: 'e316828127e37bad159c01c2cfe96004') in 0.007256 seconds
  Import took 0.011478 seconds .

========================================================================
Received Import Request.
  Time since last request: 0.961849 seconds.
  path: Assets/UnityUtils/Misc
  artifactKey: Guid(7f28b5c1f84d7eb4a92fbe59c366ad39) Importer(815301076,1909f56bfc062723c751e8b465ee728b)
Start importing Assets/UnityUtils/Misc using Guid(7f28b5c1f84d7eb4a92fbe59c366ad39) Importer(815301076,1909f56bfc062723c751e8b465ee728b)  -> (artifact id: '59a5599355560171b880c185d8a332f3') in 0.017341 seconds
  Import took 0.034071 seconds .

========================================================================
Received Import Request.
  Time since last request: 421.757469 seconds.
  path: Assets/UnityUtils/UnityUtils.asmdef
  artifactKey: Guid(eb30d87f7c7e0534183a6bc86581d1e8) Importer(815301076,1909f56bfc062723c751e8b465ee728b)
Start importing Assets/UnityUtils/UnityUtils.asmdef using Guid(eb30d87f7c7e0534183a6bc86581d1e8) Importer(815301076,1909f56bfc062723c751e8b465ee728b)  -> (artifact id: '3f435b9b8a434547b59122b82bacb7b4') in 0.026582 seconds
  Import took 0.033923 seconds .

========================================================================
Received Import Request.
  Time since last request: 45.487522 seconds.
  path: Assets/EnhancedSimplePool
  artifactKey: Guid(97ec71fa2ec8ece409939f89034cbeb4) Importer(815301076,1909f56bfc062723c751e8b465ee728b)
Start importing Assets/EnhancedSimplePool using Guid(97ec71fa2ec8ece409939f89034cbeb4) Importer(815301076,1909f56bfc062723c751e8b465ee728b)  -> (artifact id: '6a45ff7c580c44aebdc7680d085cc05e') in 0.008536 seconds
  Import took 0.031158 seconds .

========================================================================
Received Import Request.
  Time since last request: 179.345440 seconds.
  path: Assets/EnhancedSimplePool/SimplePool.asmdef
  artifactKey: Guid(acc51a0043562ac43b2b78d7a8f217b6) Importer(815301076,1909f56bfc062723c751e8b465ee728b)
Start importing Assets/EnhancedSimplePool/SimplePool.asmdef using Guid(acc51a0043562ac43b2b78d7a8f217b6) Importer(815301076,1909f56bfc062723c751e8b465ee728b)  -> (artifact id: '0b820454152f1eae9ce1757b668c8710') in 0.003262 seconds
  Import took 0.040819 seconds .

